**********page wrong**********
something wrong in page12
category=
title=
site_url=
Traceback (most recent call last):
  File "D:\xampp\htdocs\project\PublicOpinion\PyCrawler\AppleCrawler.py", line 62, in <module>
    title = soup.select('hgroup h1')[0].text.strip()
IndexError: list index out of range

During handling of the above exception, another exception occurred:

Traceback (most recent call last):
  File "D:\xampp\htdocs\project\PublicOpinion\PyCrawler\AppleCrawler.py", line 95, in <module>
    writeLogging(page=page, title=title, url=site_url)
  File "D:\xampp\htdocs\project\PublicOpinion\PyCrawler\AppleCrawler.py", line 18, in writeLogging
    print('title =', title)
UnicodeEncodeError: 'cp950' codec can't encode character '\u200b' in position 0: illegal multibyte sequence

**********page wrong**********
**********page wrong**********
something wrong in page12
category=
title=
site_url=
Traceback (most recent call last):
  File "D:\xampp\htdocs\project\PublicOpinion\PyCrawler\AppleCrawler.py", line 62, in <module>
    title = soup.select('hgroup h1')[0].text.strip()
IndexError: list index out of range

During handling of the above exception, another exception occurred:

Traceback (most recent call last):
  File "D:\xampp\htdocs\project\PublicOpinion\PyCrawler\AppleCrawler.py", line 95, in <module>
    writeLogging(page=page, title=title, url=site_url)
  File "D:\xampp\htdocs\project\PublicOpinion\PyCrawler\AppleCrawler.py", line 18, in writeLogging
    print('title =', title)
UnicodeEncodeError: 'cp950' codec can't encode character '\u200b' in position 0: illegal multibyte sequence

**********page wrong**********
**********page wrong**********
something wrong in page12
category=
title=
site_url=
Traceback (most recent call last):
  File "D:\xampp\htdocs\project\PublicOpinion\PyCrawler\AppleCrawler.py", line 62, in <module>
    title = soup.select('hgroup h1')[0].text.strip()
IndexError: list index out of range

During handling of the above exception, another exception occurred:

Traceback (most recent call last):
  File "D:\xampp\htdocs\project\PublicOpinion\PyCrawler\AppleCrawler.py", line 95, in <module>
    writeLogging(page=page, title=title, url=site_url)
  File "D:\xampp\htdocs\project\PublicOpinion\PyCrawler\AppleCrawler.py", line 18, in writeLogging
    print('title =', title)
UnicodeEncodeError: 'cp950' codec can't encode character '\u200b' in position 0: illegal multibyte sequence

**********page wrong**********
**********page wrong**********
something wrong in page12
category=
title=
site_url=
Traceback (most recent call last):
  File "D:\xampp\htdocs\project\PublicOpinion\PyCrawler\AppleCrawler.py", line 62, in <module>
    title = soup.select('hgroup h1')[0].text.strip()
IndexError: list index out of range

During handling of the above exception, another exception occurred:

Traceback (most recent call last):
  File "D:\xampp\htdocs\project\PublicOpinion\PyCrawler\AppleCrawler.py", line 95, in <module>
    writeLogging(page=page, title=title, url=site_url)
  File "D:\xampp\htdocs\project\PublicOpinion\PyCrawler\AppleCrawler.py", line 18, in writeLogging
    print('title =', title)
UnicodeEncodeError: 'cp950' codec can't encode character '\u200b' in position 0: illegal multibyte sequence

**********page wrong**********
**********page wrong**********
something wrong in page12
category=
title=
site_url=
Traceback (most recent call last):
  File "D:\xampp\htdocs\project\PublicOpinion\PyCrawler\AppleCrawler.py", line 62, in <module>
    title = soup.select('hgroup h1')[0].text.strip()
IndexError: list index out of range

During handling of the above exception, another exception occurred:

Traceback (most recent call last):
  File "D:\xampp\htdocs\project\PublicOpinion\PyCrawler\AppleCrawler.py", line 95, in <module>
    writeLogging(page=page, title=title, url=site_url)
  File "D:\xampp\htdocs\project\PublicOpinion\PyCrawler\AppleCrawler.py", line 18, in writeLogging
    print('title =', title)
UnicodeEncodeError: 'cp950' codec can't encode character '\u200b' in position 0: illegal multibyte sequence

**********page wrong**********
something wrong in page24
category=
title=學SOD性奴調教？　癡漢誘拐少女監禁1周
site_url=https://tw.entertainment.appledaily.com/realtime/20180524/1359991/
Traceback (most recent call last):
  File "D:\xampp\htdocs\project\PublicOpinion\PyCrawler\AppleCrawler.py", line 62, in <module>
    title = soup.select('hgroup h1')[0].text.strip()
IndexError: list index out of range

something wrong in page2
category=
title=【絕望片】中國建商海外蓋爛樓　坑殺台灣貴婦
site_url=https://tw.news.appledaily.com/forum/realtime/20180525/1360708/
Traceback (most recent call last):
  File "D:\xampp\htdocs\project\PublicOpinion\PyCrawler\AppleCrawler.py", line 62, in <module>
    title = soup.select('hgroup h1')[0].text.strip()
IndexError: list index out of range

something wrong in page1
category=
title=反制中國滲透脅迫 應加速國安法的翻修
site_url=https://tw.news.appledaily.com/politics/realtime/20180525/1360754/
Traceback (most recent call last):
  File "D:\xampp\htdocs\project\PublicOpinion\PyCrawler\AppleCrawler.py", line 62, in <module>
    title = soup.select('hgroup h1')[0].text.strip()
IndexError: list index out of range

something wrong in page2
category=
title=【絕望片】中國建商海外蓋爛樓　坑殺台灣貴婦
site_url=https://tw.news.appledaily.com/forum/realtime/20180525/1360708/
Traceback (most recent call last):
  File "D:\xampp\htdocs\project\PublicOpinion\PyCrawler\AppleCrawler.py", line 62, in <module>
    title = soup.select('hgroup h1')[0].text.strip()
IndexError: list index out of range

something wrong in page1
category=
title=反制中國滲透脅迫 應加速國安法的翻修
site_url=https://tw.news.appledaily.com/politics/realtime/20180525/1360754/
Traceback (most recent call last):
  File "D:\xampp\htdocs\project\PublicOpinion\PyCrawler\AppleCrawler.py", line 62, in <module>
    title = soup.select('hgroup h1')[0].text.strip()
IndexError: list index out of range

something wrong in page2
category=
title=【絕望片】中國建商海外蓋爛樓　坑殺台灣貴婦
site_url=https://tw.news.appledaily.com/forum/realtime/20180525/1360708/
Traceback (most recent call last):
  File "D:\xampp\htdocs\project\PublicOpinion\PyCrawler\AppleCrawler.py", line 62, in <module>
    title = soup.select('hgroup h1')[0].text.strip()
IndexError: list index out of range

something wrong in page1
category=
title=反制中國滲透脅迫 應加速國安法的翻修
site_url=https://tw.news.appledaily.com/politics/realtime/20180525/1360754/
Traceback (most recent call last):
  File "D:\xampp\htdocs\project\PublicOpinion\PyCrawler\AppleCrawler.py", line 62, in <module>
    title = soup.select('hgroup h1')[0].text.strip()
IndexError: list index out of range

something wrong in page2
category=
title=【絕望片】中國建商海外蓋爛樓　坑殺台灣貴婦
site_url=https://tw.news.appledaily.com/forum/realtime/20180525/1360708/
Traceback (most recent call last):
  File "D:\xampp\htdocs\project\PublicOpinion\PyCrawler\AppleCrawler.py", line 62, in <module>
    title = soup.select('hgroup h1')[0].text.strip()
IndexError: list index out of range

something wrong in page1
category=
title=反制中國滲透脅迫 應加速國安法的翻修
site_url=https://tw.news.appledaily.com/politics/realtime/20180525/1360754/
Traceback (most recent call last):
  File "D:\xampp\htdocs\project\PublicOpinion\PyCrawler\AppleCrawler.py", line 62, in <module>
    title = soup.select('hgroup h1')[0].text.strip()
IndexError: list index out of range

something wrong in page2
category=
title=【絕望片】中國建商海外蓋爛樓　坑殺台灣貴婦
site_url=https://tw.news.appledaily.com/forum/realtime/20180525/1360708/
Traceback (most recent call last):
  File "D:\xampp\htdocs\project\PublicOpinion\PyCrawler\AppleCrawler.py", line 62, in <module>
    title = soup.select('hgroup h1')[0].text.strip()
IndexError: list index out of range

something wrong in page1
category=
title=反制中國滲透脅迫 應加速國安法的翻修
site_url=https://tw.news.appledaily.com/politics/realtime/20180525/1360754/
Traceback (most recent call last):
  File "D:\xampp\htdocs\project\PublicOpinion\PyCrawler\AppleCrawler.py", line 62, in <module>
    title = soup.select('hgroup h1')[0].text.strip()
IndexError: list index out of range

